{"/Users/GParmar/MyPlayground/sample-api/src/controllers/health.controller.ts": {"path":"/Users/GParmar/MyPlayground/sample-api/src/controllers/health.controller.ts","statementMap":{"0":{"start":{"line":1,"column":0},"end":{"line":1,"column":47}},"1":{"start":{"line":14,"column":0},"end":{"line":41,"column":null}},"2":{"start":{"line":17,"column":41},"end":{"line":17,"column":69}},"3":{"start":{"line":18,"column":41},"end":{"line":18,"column":69}},"4":{"start":{"line":30,"column":23},"end":{"line":30,"column":77}},"5":{"start":{"line":31,"column":8},"end":{"line":39,"column":null}},"6":{"start":{"line":32,"column":29},"end":{"line":32,"column":67}},"7":{"start":{"line":33,"column":12},"end":{"line":33,"column":35}},"8":{"start":{"line":34,"column":12},"end":{"line":34,"column":31}},"9":{"start":{"line":35,"column":12},"end":{"line":35,"column":28}},"10":{"start":{"line":37,"column":12},"end":{"line":37,"column":32}},"11":{"start":{"line":38,"column":12},"end":{"line":38,"column":24}},"12":{"start":{"line":14,"column":21},"end":{"line":41,"column":null}},"13":{"start":{"line":14,"column":21},"end":{"line":14,"column":null}}},"fnMap":{"0":{"name":"(anonymous_10)","decl":{"start":{"line":16,"column":4},"end":{"line":16,"column":null}},"loc":{"start":{"line":18,"column":69},"end":{"line":21,"column":5}}},"1":{"name":"(anonymous_11)","decl":{"start":{"line":29,"column":17},"end":{"line":29,"column":28}},"loc":{"start":{"line":29,"column":70},"end":{"line":40,"column":null}}}},"branchMap":{},"s":{"0":2,"1":2,"2":3,"3":3,"4":3,"5":3,"6":3,"7":2,"8":2,"9":2,"10":1,"11":1,"12":2,"13":2},"f":{"0":3,"1":3},"b":{}}
,"/Users/GParmar/MyPlayground/sample-api/src/controllers/user.controller.ts": {"path":"/Users/GParmar/MyPlayground/sample-api/src/controllers/user.controller.ts","statementMap":{"0":{"start":{"line":1,"column":0},"end":{"line":1,"column":47}},"1":{"start":{"line":13,"column":0},"end":{"line":60,"column":null}},"2":{"start":{"line":16,"column":39},"end":{"line":16,"column":63}},"3":{"start":{"line":17,"column":41},"end":{"line":17,"column":69}},"4":{"start":{"line":27,"column":23},"end":{"line":27,"column":77}},"5":{"start":{"line":28,"column":8},"end":{"line":36,"column":null}},"6":{"start":{"line":29,"column":29},"end":{"line":29,"column":62}},"7":{"start":{"line":30,"column":12},"end":{"line":30,"column":35}},"8":{"start":{"line":31,"column":12},"end":{"line":31,"column":31}},"9":{"start":{"line":32,"column":12},"end":{"line":32,"column":28}},"10":{"start":{"line":34,"column":12},"end":{"line":34,"column":32}},"11":{"start":{"line":35,"column":12},"end":{"line":35,"column":24}},"12":{"start":{"line":47,"column":23},"end":{"line":47,"column":77}},"13":{"start":{"line":48,"column":8},"end":{"line":57,"column":null}},"14":{"start":{"line":49,"column":27},"end":{"line":49,"column":45}},"15":{"start":{"line":50,"column":29},"end":{"line":50,"column":67}},"16":{"start":{"line":51,"column":12},"end":{"line":51,"column":35}},"17":{"start":{"line":52,"column":12},"end":{"line":52,"column":31}},"18":{"start":{"line":53,"column":12},"end":{"line":53,"column":28}},"19":{"start":{"line":55,"column":12},"end":{"line":55,"column":32}},"20":{"start":{"line":56,"column":12},"end":{"line":56,"column":24}},"21":{"start":{"line":13,"column":21},"end":{"line":60,"column":null}},"22":{"start":{"line":13,"column":21},"end":{"line":13,"column":null}}},"fnMap":{"0":{"name":"(anonymous_10)","decl":{"start":{"line":15,"column":4},"end":{"line":15,"column":null}},"loc":{"start":{"line":17,"column":69},"end":{"line":18,"column":9}}},"1":{"name":"(anonymous_11)","decl":{"start":{"line":26,"column":17},"end":{"line":26,"column":25}},"loc":{"start":{"line":26,"column":67},"end":{"line":37,"column":null}}},"2":{"name":"(anonymous_13)","decl":{"start":{"line":46,"column":17},"end":{"line":46,"column":24}},"loc":{"start":{"line":46,"column":66},"end":{"line":59,"column":null}}}},"branchMap":{},"s":{"0":2,"1":2,"2":5,"3":5,"4":2,"5":2,"6":2,"7":1,"8":1,"9":1,"10":1,"11":1,"12":2,"13":2,"14":2,"15":2,"16":1,"17":1,"18":1,"19":1,"20":1,"21":2,"22":2},"f":{"0":5,"1":2,"2":2},"b":{}}
,"/Users/GParmar/MyPlayground/sample-api/src/routes/routes.ts": {"path":"/Users/GParmar/MyPlayground/sample-api/src/routes/routes.ts","statementMap":{"0":{"start":{"line":2,"column":0},"end":{"line":2,"column":43}},"1":{"start":{"line":3,"column":0},"end":{"line":3,"column":64}},"2":{"start":{"line":4,"column":0},"end":{"line":4,"column":41}},"3":{"start":{"line":5,"column":0},"end":{"line":5,"column":60}},"4":{"start":{"line":9,"column":29},"end":{"line":9,"column":78}},"5":{"start":{"line":10,"column":4},"end":{"line":10,"column":101}},"6":{"start":{"line":12,"column":27},"end":{"line":12,"column":72}},"7":{"start":{"line":13,"column":4},"end":{"line":13,"column":87}},"8":{"start":{"line":14,"column":4},"end":{"line":14,"column":94}},"9":{"start":{"line":7,"column":0},"end":{"line":7,"column":25}}},"fnMap":{"0":{"name":"default_1","decl":{"start":{"line":7,"column":0},"end":{"line":7,"column":25}},"loc":{"start":{"line":7,"column":49},"end":{"line":15,"column":1}}}},"branchMap":{},"s":{"0":1,"1":1,"2":1,"3":1,"4":1,"5":1,"6":1,"7":1,"8":1,"9":1},"f":{"0":1},"b":{}}
,"/Users/GParmar/MyPlayground/sample-api/src/services/health.service.ts": {"path":"/Users/GParmar/MyPlayground/sample-api/src/services/health.service.ts","statementMap":{"0":{"start":{"line":1,"column":0},"end":{"line":1,"column":47}},"1":{"start":{"line":5,"column":13},"end":{"line":5,"column":49}},"2":{"start":{"line":11,"column":0},"end":{"line":34,"column":null}},"3":{"start":{"line":14,"column":41},"end":{"line":14,"column":69}},"4":{"start":{"line":21,"column":8},"end":{"line":32,"column":null}},"5":{"start":{"line":22,"column":42},"end":{"line":26,"column":14}},"6":{"start":{"line":27,"column":12},"end":{"line":27,"column":69}},"7":{"start":{"line":28,"column":12},"end":{"line":28,"column":28}},"8":{"start":{"line":30,"column":12},"end":{"line":30,"column":67}},"9":{"start":{"line":31,"column":12},"end":{"line":31,"column":24}},"10":{"start":{"line":11,"column":21},"end":{"line":34,"column":null}},"11":{"start":{"line":11,"column":21},"end":{"line":11,"column":null}}},"fnMap":{"0":{"name":"(anonymous_10)","decl":{"start":{"line":13,"column":4},"end":{"line":13,"column":null}},"loc":{"start":{"line":14,"column":69},"end":{"line":15,"column":9}}},"1":{"name":"(anonymous_11)","decl":{"start":{"line":20,"column":17},"end":{"line":20,"column":28}},"loc":{"start":{"line":20,"column":28},"end":{"line":33,"column":null}}}},"branchMap":{},"s":{"0":2,"1":2,"2":2,"3":3,"4":2,"5":2,"6":2,"7":2,"8":0,"9":0,"10":2,"11":2},"f":{"0":3,"1":2},"b":{}}
,"/Users/GParmar/MyPlayground/sample-api/src/services/logger.service.ts": {"path":"/Users/GParmar/MyPlayground/sample-api/src/services/logger.service.ts","statementMap":{"0":{"start":{"line":1,"column":0},"end":{"line":1,"column":39}},"1":{"start":{"line":2,"column":0},"end":{"line":2,"column":80}},"2":{"start":{"line":3,"column":11},"end":{"line":3,"column":24}},"3":{"start":{"line":4,"column":15},"end":{"line":4,"column":21}},"4":{"start":{"line":6,"column":0},"end":{"line":90,"column":null}},"5":{"start":{"line":12,"column":8},"end":{"line":14,"column":null}},"6":{"start":{"line":13,"column":12},"end":{"line":13,"column":33}},"7":{"start":{"line":15,"column":8},"end":{"line":32,"column":11}},"8":{"start":{"line":20,"column":20},"end":{"line":20,"column":92}},"9":{"start":{"line":42,"column":8},"end":{"line":46,"column":null}},"10":{"start":{"line":43,"column":12},"end":{"line":43,"column":64}},"11":{"start":{"line":45,"column":12},"end":{"line":45,"column":24}},"12":{"start":{"line":56,"column":8},"end":{"line":60,"column":null}},"13":{"start":{"line":57,"column":12},"end":{"line":57,"column":65}},"14":{"start":{"line":59,"column":12},"end":{"line":59,"column":24}},"15":{"start":{"line":70,"column":8},"end":{"line":74,"column":null}},"16":{"start":{"line":71,"column":12},"end":{"line":71,"column":64}},"17":{"start":{"line":73,"column":12},"end":{"line":73,"column":24}},"18":{"start":{"line":84,"column":8},"end":{"line":88,"column":null}},"19":{"start":{"line":85,"column":12},"end":{"line":85,"column":65}},"20":{"start":{"line":87,"column":12},"end":{"line":87,"column":24}},"21":{"start":{"line":6,"column":21},"end":{"line":90,"column":null}},"22":{"start":{"line":6,"column":21},"end":{"line":6,"column":null}}},"fnMap":{"0":{"name":"(anonymous_8)","decl":{"start":{"line":11,"column":17},"end":{"line":11,"column":23}},"loc":{"start":{"line":11,"column":40},"end":{"line":33,"column":null}}},"1":{"name":"(anonymous_10)","decl":{"start":{"line":19,"column":30},"end":{"line":19,"column":31}},"loc":{"start":{"line":19,"column":73},"end":{"line":21,"column":17}}},"2":{"name":"(anonymous_11)","decl":{"start":{"line":41,"column":17},"end":{"line":41,"column":21}},"loc":{"start":{"line":41,"column":53},"end":{"line":47,"column":null}}},"3":{"name":"(anonymous_13)","decl":{"start":{"line":55,"column":17},"end":{"line":55,"column":22}},"loc":{"start":{"line":55,"column":54},"end":{"line":61,"column":null}}},"4":{"name":"(anonymous_15)","decl":{"start":{"line":69,"column":17},"end":{"line":69,"column":21}},"loc":{"start":{"line":69,"column":53},"end":{"line":75,"column":null}}},"5":{"name":"(anonymous_17)","decl":{"start":{"line":83,"column":17},"end":{"line":83,"column":22}},"loc":{"start":{"line":83,"column":54},"end":{"line":89,"column":null}}}},"branchMap":{"0":{"loc":{"start":{"line":12,"column":8},"end":{"line":14,"column":null}},"type":"if","locations":[{"start":{"line":12,"column":8},"end":{"line":14,"column":null}}]}},"s":{"0":1,"1":1,"2":1,"3":1,"4":1,"5":2,"6":0,"7":2,"8":2,"9":1,"10":1,"11":0,"12":0,"13":0,"14":0,"15":0,"16":0,"17":0,"18":0,"19":0,"20":0,"21":1,"22":1},"f":{"0":2,"1":2,"2":1,"3":0,"4":0,"5":0},"b":{"0":[0]}}
,"/Users/GParmar/MyPlayground/sample-api/src/services/user.service.ts": {"path":"/Users/GParmar/MyPlayground/sample-api/src/services/user.service.ts","statementMap":{"0":{"start":{"line":1,"column":0},"end":{"line":1,"column":47}},"1":{"start":{"line":10,"column":0},"end":{"line":46,"column":null}},"2":{"start":{"line":13,"column":42},"end":{"line":13,"column":72}},"3":{"start":{"line":14,"column":41},"end":{"line":14,"column":69}},"4":{"start":{"line":22,"column":8},"end":{"line":29,"column":null}},"5":{"start":{"line":23,"column":29},"end":{"line":23,"column":65}},"6":{"start":{"line":24,"column":12},"end":{"line":24,"column":69}},"7":{"start":{"line":25,"column":12},"end":{"line":25,"column":28}},"8":{"start":{"line":27,"column":12},"end":{"line":27,"column":67}},"9":{"start":{"line":28,"column":12},"end":{"line":28,"column":24}},"10":{"start":{"line":37,"column":8},"end":{"line":44,"column":null}},"11":{"start":{"line":38,"column":29},"end":{"line":38,"column":70}},"12":{"start":{"line":39,"column":12},"end":{"line":39,"column":69}},"13":{"start":{"line":40,"column":12},"end":{"line":40,"column":28}},"14":{"start":{"line":42,"column":12},"end":{"line":42,"column":67}},"15":{"start":{"line":43,"column":12},"end":{"line":43,"column":24}},"16":{"start":{"line":10,"column":21},"end":{"line":46,"column":null}},"17":{"start":{"line":10,"column":21},"end":{"line":10,"column":null}}},"fnMap":{"0":{"name":"(anonymous_10)","decl":{"start":{"line":12,"column":4},"end":{"line":12,"column":null}},"loc":{"start":{"line":14,"column":69},"end":{"line":15,"column":8}}},"1":{"name":"(anonymous_11)","decl":{"start":{"line":21,"column":17},"end":{"line":21,"column":25}},"loc":{"start":{"line":21,"column":25},"end":{"line":30,"column":null}}},"2":{"name":"(anonymous_13)","decl":{"start":{"line":36,"column":17},"end":{"line":36,"column":24}},"loc":{"start":{"line":36,"column":39},"end":{"line":45,"column":null}}}},"branchMap":{},"s":{"0":2,"1":2,"2":5,"3":5,"4":1,"5":1,"6":1,"7":1,"8":0,"9":0,"10":2,"11":2,"12":1,"13":1,"14":1,"15":1,"16":2,"17":2},"f":{"0":5,"1":1,"2":2},"b":{}}
,"/Users/GParmar/MyPlayground/sample-api/src/utils/asyncWrap.ts": {"path":"/Users/GParmar/MyPlayground/sample-api/src/utils/asyncWrap.ts","statementMap":{"0":{"start":{"line":13,"column":4},"end":{"line":19,"column":6}},"1":{"start":{"line":13,"column":83},"end":{"line":19,"column":6}},"2":{"start":{"line":14,"column":8},"end":{"line":18,"column":null}},"3":{"start":{"line":15,"column":11},"end":{"line":15,"column":44}},"4":{"start":{"line":17,"column":12},"end":{"line":17,"column":20}},"5":{"start":{"line":12,"column":0},"end":{"line":12,"column":24}}},"fnMap":{"0":{"name":"asyncWrap","decl":{"start":{"line":12,"column":24},"end":{"line":12,"column":33}},"loc":{"start":{"line":12,"column":62},"end":{"line":20,"column":1}}},"1":{"name":"(anonymous_8)","decl":{"start":{"line":13,"column":11},"end":{"line":13,"column":18}},"loc":{"start":{"line":13,"column":83},"end":{"line":19,"column":6}}},"2":{"name":"(anonymous_9)","decl":{"start":{"line":13,"column":83},"end":{"line":13,"column":null}},"loc":{"start":{"line":13,"column":83},"end":{"line":19,"column":5}}}},"branchMap":{},"s":{"0":3,"1":1,"2":1,"3":1,"4":0,"5":1},"f":{"0":3,"1":1,"2":1},"b":{}}
,"/Users/GParmar/MyPlayground/sample-api/src/utils/database.ts": {"path":"/Users/GParmar/MyPlayground/sample-api/src/utils/database.ts","statementMap":{"0":{"start":{"line":8,"column":34},"end":{"line":14,"column":6}},"1":{"start":{"line":15,"column":4},"end":{"line":15,"column":25}},"2":{"start":{"line":7,"column":0},"end":{"line":7,"column":24}}},"fnMap":{"0":{"name":"sqlConnect","decl":{"start":{"line":7,"column":24},"end":{"line":7,"column":34}},"loc":{"start":{"line":7,"column":34},"end":{"line":16,"column":1}}}},"branchMap":{},"s":{"0":1,"1":1,"2":2},"f":{"0":1},"b":{}}
}
