TN:
SF:src/index.ts
FN:38,(anonymous_7)
FNF:1
FNH:1
FNDA:1,(anonymous_7)
DA:4,1
DA:5,1
DA:6,1
DA:7,1
DA:8,1
DA:9,1
DA:10,1
DA:12,1
DA:17,1
DA:18,0
DA:21,1
DA:23,1
DA:28,1
DA:29,1
DA:30,1
DA:31,1
DA:32,1
DA:33,1
DA:38,1
DA:39,1
DA:42,1
LF:21
LH:20
BRDA:17,0,0,0
BRF:1
BRH:0
end_of_record
TN:
SF:src/ioc.container.ts
FNF:0
FNH:0
DA:1,1
DA:2,1
DA:3,1
DA:6,1
DA:9,1
DA:12,1
DA:14,1
LF:7
LH:7
BRF:0
BRH:0
end_of_record
TN:
SF:src/controllers/health.controller.ts
FN:12,(anonymous_10)
FN:16,(anonymous_11)
FNF:2
FNH:2
FNDA:2,(anonymous_10)
FNDA:2,(anonymous_11)
DA:1,2
DA:10,2
DA:13,2
DA:17,2
DA:18,2
DA:19,2
LF:6
LH:6
BRF:0
BRH:0
end_of_record
TN:
SF:src/routes/routes.ts
FN:6,default_1
FNF:1
FNH:1
FNDA:1,default_1
DA:2,1
DA:3,1
DA:4,1
DA:6,1
DA:7,1
DA:9,1
LF:6
LH:6
BRF:0
BRH:0
end_of_record
TN:
SF:src/services/health.service.ts
FN:9,(anonymous_8)
FNF:1
FNH:1
FNDA:2,(anonymous_8)
DA:1,2
DA:4,2
DA:6,2
DA:10,2
LF:4
LH:4
BRF:0
BRH:0
end_of_record
TN:
SF:src/utils/asyncWrap.ts
FN:8,asyncWrap
FN:9,(anonymous_8)
FN:9,(anonymous_9)
FNF:3
FNH:3
FNDA:1,asyncWrap
FNDA:1,(anonymous_8)
FNDA:1,(anonymous_9)
DA:8,1
DA:9,1
DA:10,1
DA:11,1
DA:13,0
LF:5
LH:4
BRF:0
BRH:0
end_of_record
