TN:
SF:src/controllers/health.controller.ts
FN:16,(anonymous_10)
FN:29,(anonymous_11)
FNF:2
FNH:2
FNDA:4,(anonymous_10)
FNDA:3,(anonymous_11)
DA:1,3
DA:14,3
DA:17,4
DA:18,4
DA:30,3
DA:31,3
DA:32,3
DA:33,2
DA:34,2
DA:35,2
DA:37,1
DA:38,1
LF:12
LH:12
BRF:0
BRH:0
end_of_record
TN:
SF:src/controllers/user.controller.ts
FN:15,(anonymous_10)
FN:26,(anonymous_11)
FN:46,(anonymous_13)
FNF:3
FNH:3
FNDA:6,(anonymous_10)
FNDA:3,(anonymous_11)
FNDA:3,(anonymous_13)
DA:1,3
DA:13,3
DA:16,6
DA:17,6
DA:27,3
DA:28,3
DA:29,3
DA:30,2
DA:31,2
DA:32,2
DA:34,1
DA:35,1
DA:47,3
DA:48,3
DA:49,3
DA:50,3
DA:51,2
DA:52,2
DA:53,2
DA:55,1
DA:56,1
LF:21
LH:21
BRF:0
BRH:0
end_of_record
TN:
SF:src/routes/routes.ts
FN:7,default_1
FNF:1
FNH:1
FNDA:2,default_1
DA:2,2
DA:3,2
DA:4,2
DA:5,2
DA:7,2
DA:9,2
DA:10,2
DA:12,2
DA:13,2
DA:14,2
LF:10
LH:10
BRF:0
BRH:0
end_of_record
TN:
SF:src/services/health.service.ts
FN:13,(anonymous_10)
FN:20,(anonymous_11)
FNF:2
FNH:2
FNDA:4,(anonymous_10)
FNDA:3,(anonymous_11)
DA:1,3
DA:5,3
DA:11,3
DA:14,4
DA:21,3
DA:22,3
DA:23,3
DA:28,3
DA:29,2
DA:31,1
DA:32,0
LF:11
LH:10
BRF:0
BRH:0
end_of_record
TN:
SF:src/services/logger.service.ts
FN:11,(anonymous_9)
FN:20,(anonymous_11)
FNF:2
FNH:2
FNDA:7,(anonymous_9)
FNDA:6,(anonymous_11)
DA:1,3
DA:2,3
DA:3,3
DA:4,3
DA:6,3
DA:12,7
DA:13,1
DA:16,7
DA:20,6
LF:9
LH:9
BRDA:12,0,0,1
BRF:1
BRH:1
end_of_record
TN:
SF:src/services/user.service.ts
FN:12,(anonymous_10)
FN:21,(anonymous_11)
FN:37,(anonymous_13)
FNF:3
FNH:3
FNDA:6,(anonymous_10)
FNDA:3,(anonymous_11)
FNDA:3,(anonymous_13)
DA:1,3
DA:10,3
DA:13,6
DA:14,6
DA:22,3
DA:23,3
DA:24,3
DA:25,2
DA:26,2
DA:28,1
DA:29,1
DA:38,3
DA:39,3
DA:40,3
DA:41,2
DA:42,2
DA:44,1
DA:45,1
LF:18
LH:18
BRF:0
BRH:0
end_of_record
TN:
SF:src/utils/asyncWrap.ts
FN:12,asyncWrap
FN:13,(anonymous_8)
FN:13,(anonymous_9)
FNF:3
FNH:3
FNDA:6,asyncWrap
FNDA:3,(anonymous_8)
FNDA:3,(anonymous_9)
DA:12,2
DA:13,6
DA:14,3
DA:15,3
DA:17,0
LF:5
LH:4
BRF:0
BRH:0
end_of_record
TN:
SF:src/utils/database.ts
FN:7,sqlConnect
FNF:1
FNH:1
FNDA:3,sqlConnect
DA:7,3
DA:8,3
DA:15,3
LF:3
LH:3
BRF:0
BRH:0
end_of_record
